
                  X               XYData-1    

                0.               -32.1991     
               20.6019E-03       -32.1993     
               32.6172E-03       -32.1994     
               37.118E-03        -32.1994     
               46.8294E-03       -32.1995     
               58.2836E-03       -32.1996     
               62.6591E-03       -32.1996     
               69.0923E-03       -32.1996     
               75.558E-03        -32.1996     
               79.8465E-03       -32.1997     
               87.8254E-03       -32.1997     
               95.3789E-03       -32.1997     
               96.1964E-03       -32.1997     
               98.0756E-03       -32.1997     
              103.951E-03        -32.1997     
              105.791E-03        -32.1998     
              111.886E-03        -32.1998     
              112.994E-03        -32.1998     
              118.104E-03        -32.1998     
              118.3E-03          -32.1998     
              118.346E-03        -32.1998     
              123.426E-03        -32.1998     
              124.38E-03         -32.1998     
              126.89E-03         -32.1998     
              128.315E-03        -32.1998     
              129.182E-03        -32.1998     
              131.678E-03        -32.1998     
              134.663E-03        -32.1998     
              134.687E-03        -32.1998     
              134.71E-03         -32.1998     
              137.679E-03        -32.1998     
              140.634E-03        -32.1998     
              143.547E-03        -32.1998     
              146.402E-03        -32.1998     
              149.214E-03        -32.1998     
              151.968E-03        -32.1998     
              154.682E-03        -32.1998     
              157.357E-03        -32.1998     
              160.001E-03        -32.1998     
              160.001E-03         78.2449     
              161.501E-03         78.2449     
              163.001E-03         78.2449     
              164.501E-03         78.2449     
              166.001E-03         78.2449     
              167.501E-03         78.2449     
              169.001E-03         78.2449     
              170.501E-03         78.2449     
              172.001E-03         78.2448     
              172.001E-03         49.9137     
              174.74E-03          49.9137     
              174.786E-03         49.9137     
              174.835E-03         49.9137     
              177.447E-03         49.9137     
              179.233E-03         49.9137     
              179.72E-03          49.9137     
              182.146E-03         49.9137     
              183.22E-03          49.9137     
              185.31E-03          49.9136     
              187.946E-03         49.9136     
              190.073E-03         49.9136     
              191.905E-03         49.9136     
              195.997E-03         49.9136     
              196.67E-03          49.9136     
              201.519E-03         49.9136     
              203.313E-03         49.9136     
              203.538E-03         49.9136     
              210.214E-03         49.9135     
              222.001E-03         49.9135     
              235.111E-03         49.9135     
              235.933E-03         49.9135     
              242.643E-03         49.9134     
              247.185E-03         49.9134     
              247.372E-03         49.9134     
              251.583E-03         49.9134     
              253.488E-03         49.9134     
              255.831E-03         49.9134     
              259.145E-03         49.9134     
              260.045E-03         49.9134     
              260.6E-03           49.9134     
              263.735E-03         49.9134     
              264.31E-03          49.9134     
              266.308E-03         49.9134     
              269.065E-03         49.9134     
              269.176E-03         49.9134     
              269.271E-03         49.9134     
              272.002E-03         49.9134     
              272.002E-03         78.2445     
              273.502E-03         78.2445     
              275.002E-03         78.2445     
              276.502E-03         78.2445     
              278.002E-03         78.2445     
              279.502E-03         78.2445     
              281.002E-03         78.2445     
              282.502E-03         78.2445     
              284.002E-03         78.2445     
              284.002E-03        -32.2002     
              286.708E-03        -32.2001     
              289.495E-03        -32.2001     
              292.372E-03        -32.2001     
              295.347E-03        -32.2001     
              298.382E-03        -32.2001     
              298.44E-03         -32.2001     
              298.498E-03        -32.2001     
              301.505E-03        -32.2001     
              304.008E-03        -32.2001     
              304.238E-03        -32.2001     
              308.247E-03        -32.2001     
              308.533E-03        -32.2001     
              308.754E-03        -32.2001     
              314.957E-03        -32.2001     
              316.027E-03        -32.2        
              323.694E-03        -32.2        
              326.077E-03        -32.2        
              337.817E-03        -32.2        
              341.898E-03        -32.1999     
              364.003E-03        -32.1998     
              386.107E-03        -32.1997     
              390.188E-03        -32.1997     
              401.928E-03        -32.1996     
              404.311E-03        -32.1996     
              411.978E-03        -32.1996     
              413.048E-03        -32.1996     
              419.251E-03        -32.1996     
              419.472E-03        -32.1996     
              419.758E-03        -32.1996     
              423.767E-03        -32.1995     
              423.998E-03        -32.1995     
              426.5E-03          -32.1995     
              429.507E-03        -32.1995     
              429.565E-03        -32.1995     
              429.623E-03        -32.1995     
              432.659E-03        -32.1995     
              435.633E-03        -32.1995     
              438.511E-03        -32.1995     
              441.297E-03        -32.1995     
              444.003E-03        -32.1994     
              444.003E-03         78.2458     
              445.503E-03         78.2458     
              447.003E-03         78.2458     
              448.503E-03         78.2458     
              450.003E-03         78.2458     
              451.503E-03         78.2458     
              453.003E-03         78.2458     
              454.503E-03         78.2458     
              456.003E-03         78.2458     
              456.003E-03         49.9147     
              458.729E-03         49.9147     
              458.824E-03         49.9147     
              458.935E-03         49.9147     
              461.694E-03         49.9147     
              463.678E-03         49.9147     
              464.267E-03         49.9147     
              467.29E-03          49.9147     
              467.94E-03          49.9147     
              469.138E-03         49.9147     
              472.169E-03         49.9147     
              473.973E-03         49.9147     
              476.505E-03         49.9147     
              480.173E-03         49.9147     
              481.272E-03         49.9147     
              485.415E-03         49.9147     
              492.291E-03         49.9147     
              492.965E-03         49.9147     
              506.004E-03         49.9147     
              518.539E-03         49.9147     
              525.135E-03         49.9147     
              526.335E-03         49.9147     
              531.813E-03         49.9147     
              533.1E-03           49.9147     
              536.505E-03         49.9147     
              538.369E-03         49.9147     
              540.237E-03         49.9147     
              542.741E-03         49.9147     
              544.807E-03         49.9147     
              545.875E-03         49.9147     
              548.285E-03         49.9147     
              548.772E-03         49.9147     
              550.559E-03         49.9147     
              553.17E-03          49.9147     
              553.219E-03         49.9147     
              553.265E-03         49.9147     
              556.004E-03         49.9147     
              556.004E-03         78.2458     
              557.504E-03         78.2458     
              559.004E-03         78.2458     
              560.504E-03         78.2458     
              562.004E-03         78.2458     
              563.504E-03         78.2458     
              565.004E-03         78.2458     
              566.504E-03         78.2458     
              568.004E-03         78.2458     
              568.004E-03        -32.1994     
              570.711E-03        -32.1995     
              573.497E-03        -32.1995     
              576.374E-03        -32.1995     
              579.349E-03        -32.1995     
              582.385E-03        -32.1995     
              582.442E-03        -32.1995     
              582.5E-03          -32.1995     
              585.507E-03        -32.1995     
              588.01E-03         -32.1995     
              588.24E-03         -32.1995     
              592.25E-03         -32.1996     
              592.535E-03        -32.1996     
              592.756E-03        -32.1996     
              598.959E-03        -32.1996     
              600.029E-03        -32.1996     
              607.696E-03        -32.1996     
              610.08E-03         -32.1996     
              621.82E-03         -32.1997     
              625.9E-03          -32.1997     
              648.005E-03        -32.1998     
              670.109E-03        -32.1999     
              674.189E-03        -32.2        
              685.93E-03         -32.2        
              688.313E-03        -32.2        
              695.98E-03         -32.2        
              697.05E-03         -32.2001     
              703.253E-03        -32.2001     
              703.474E-03        -32.2001     
              703.76E-03         -32.2001     
              707.769E-03        -32.2001     
              708.E-03           -32.2001     
              710.502E-03        -32.2001     
              713.509E-03        -32.2001     
              713.567E-03        -32.2001     
              713.625E-03        -32.2001     
              716.661E-03        -32.2001     
              719.635E-03        -32.2001     
              722.513E-03        -32.2001     
              725.299E-03        -32.2002     
              728.005E-03        -32.2002     
              728.005E-03         78.2445     
              729.505E-03         78.2445     
              731.005E-03         78.2445     
              732.505E-03         78.2445     
              734.005E-03         78.2445     
              735.505E-03         78.2445     
              737.005E-03         78.2445     
              738.505E-03         78.2445     
              740.005E-03         78.2445     
              740.005E-03         49.9134     
              742.731E-03         49.9134     
              742.826E-03         49.9134     
              742.937E-03         49.9134     
              745.696E-03         49.9134     
              747.68E-03          49.9134     
              748.269E-03         49.9134     
              751.292E-03         49.9134     
              751.942E-03         49.9134     
              753.14E-03          49.9134     
              756.171E-03         49.9134     
              757.975E-03         49.9134     
              760.507E-03         49.9134     
              764.175E-03         49.9134     
              765.274E-03         49.9134     
              769.417E-03         49.9134     
              776.293E-03         49.9135     
              776.967E-03         49.9135     
              790.006E-03         49.9135     
              801.221E-03         49.9135     
              802.926E-03         49.9135     
              808.793E-03         49.9136     
              815.072E-03         49.9136     
              815.866E-03         49.9136     
              820.437E-03         49.9136     
              820.559E-03         49.9136     
              820.586E-03         49.9136     
              824.256E-03         49.9136     
              828.098E-03         49.9136     
              828.619E-03         49.9136     
              828.959E-03         49.9136     
              832.043E-03         49.9137     
              832.479E-03         49.9137     
              834.42E-03          49.9137     
              837.076E-03         49.9137     
              837.192E-03         49.9137     
              837.294E-03         49.9137     
              840.007E-03         49.9137     
              840.007E-03         78.2448     
              841.507E-03         78.2449     
              843.007E-03         78.2449     
              844.507E-03         78.2449     
              846.007E-03         78.2449     
              847.507E-03         78.2449     
              849.007E-03         78.2449     
              850.507E-03         78.2449     
              852.007E-03         78.2449     
              852.007E-03        -32.1998     
              854.65E-03         -32.1998     
              857.326E-03        -32.1998     
              860.038E-03        -32.1998     
              862.789E-03        -32.1998     
              865.604E-03        -32.1998     
              868.463E-03        -32.1998     
              871.373E-03        -32.1998     
              874.355E-03        -32.1998     
              877.208E-03        -32.1998     
              877.406E-03        -32.1998     
              877.627E-03        -32.1998     
              880.511E-03        -32.1998     
              882.737E-03        -32.1998     
              883.825E-03        -32.1998     
              885.524E-03        -32.1998     
              887.455E-03        -32.1998     
              889.026E-03        -32.1998     
              891.472E-03        -32.1998     
              893.174E-03        -32.1998     
              896.189E-03        -32.1998     
              900.83E-03         -32.1998     
              903.187E-03        -32.1998     
              907.096E-03        -32.1997     
              909.138E-03        -32.1997     
              914.415E-03        -32.1997     
              915.693E-03        -32.1997     
              916.001E-03        -32.1997     
              923.862E-03        -32.1997     
              928.006E-03        -32.1997     
              932.328E-03        -32.1997     
              940.924E-03        -32.1996     
              943.991E-03        -32.1996     
              948.7E-03          -32.1996     
              959.644E-03        -32.1995     
              974.058E-03        -32.1994     
              979.752E-03        -32.1994     
              982.652E-03        -32.1994     
                1.01201          -32.1992     




