
                  X               XYData-1    

                0.              -363.764      
              666.618E-06       -363.762      
                1.3333E-03      -363.76       
                1.99997E-03     -363.757      
                1.99997E-03     -207.74       
                2.33328E-03     -207.737      
                2.66665E-03     -207.735      
                2.99996E-03     -207.732      
                2.99996E-03      -37.0708     
                3.44374E-03      -37.0701     
                3.64423E-03      -37.0697     
                4.39865E-03      -37.0684     
                5.14234E-03      -37.0671     
                5.37554E-03      -37.0667     
                7.74806E-03      -37.0626     
                9.70693E-03      -37.0592     
               18.7678E-03       -37.0434     
               25.3673E-03       -37.0318     
               41.0152E-03       -37.0045     
               46.619E-03        -36.9947     
               60.0936E-03       -36.9711     
               83.0005E-03       -36.931      
              102.4E-03          -36.8968     
              124.043E-03        -36.8588     
              127.353E-03        -36.8529     
              129.923E-03        -36.8484     
              151.207E-03        -36.8109     
              151.742E-03        -36.8099     
              151.792E-03        -36.8098     
              151.911E-03        -36.8096     
              160.422E-03        -36.7946     
              163.001E-03        -36.7901     
              163.001E-03       -206.554      
              165.048E-03       -206.539      
              166.001E-03       -206.532      
              166.001E-03        109.583      
              166.251E-03        109.585      
              166.501E-03        109.587      
              166.751E-03        109.588      
              167.001E-03        109.59       
              167.001E-03         71.2306     
              168.294E-03         71.2341     
              168.339E-03         71.2342     
              169.555E-03         71.2375     
              170.902E-03         71.2411     
              173.001E-03         71.2467     
              175.395E-03         71.2532     
              177.396E-03         71.2585     
              178.256E-03         71.2609     
              178.317E-03         71.261      
              178.371E-03         71.2612     
              179.001E-03         71.2629     
              179.001E-03        429.68       
              179.251E-03        429.681      
              179.501E-03        429.682      
              179.751E-03        429.682      
              180.001E-03        429.683      
              180.001E-03        413.209      
              180.341E-03        413.21       
              180.784E-03        413.211      
              183.001E-03        413.217      
              183.001E-03         42.8553     
              187.843E-03         42.8685     
              192.198E-03         42.8804     
              201.805E-03         42.9066     
              210.782E-03         42.931      
              233.001E-03         42.9916     
              252.052E-03         43.0436     
              266.904E-03         43.0841     
              269.547E-03         43.0913     
              271.716E-03         43.0972     
              277.841E-03         43.114      
              279.783E-03         43.1193     
              281.469E-03         43.1239     
              283.001E-03         43.128      
              283.001E-03        413.49       
              283.712E-03        413.492      
              283.759E-03        413.492      
              283.908E-03        413.492      
              285.191E-03        413.496      
              285.63E-03         413.497      
              285.645E-03        413.497      
              286.003E-03        413.498      
              286.003E-03        429.943      
              286.337E-03        429.944      
              286.67E-03         429.944      
              287.003E-03        429.945      
              287.003E-03         71.5537     
              287.73E-03          71.5557     
              288.338E-03         71.5573     
              289.65E-03          71.5609     
              291.79E-03          71.5666     
              293.003E-03         71.5699     
              295.564E-03         71.5768     
              296.801E-03         71.5802     
              297.745E-03         71.5827     
              298.377E-03         71.5844     
              299.003E-03         71.5861     
              299.003E-03        110.476      
              299.337E-03        110.478      
              299.67E-03         110.48       
              300.003E-03        110.483      
              300.003E-03       -205.543      
              300.797E-03       -205.537      
              301.333E-03       -205.533      
              303.003E-03       -205.521      
              303.003E-03        -36.5441     
              303.623E-03        -36.543      
              304.326E-03        -36.5417     
              306.321E-03        -36.5382     
              307.256E-03        -36.5365     
              313.023E-03        -36.5263     
              316.51E-03         -36.5201     
              319.007E-03        -36.5157     
              334.192E-03        -36.4887     
              346.456E-03        -36.467      
              360.276E-03        -36.4425     
              383.004E-03        -36.4022     
              401.358E-03        -36.3696     
              411.68E-03         -36.3513     
              423.838E-03        -36.3298     
              443.781E-03        -36.2944     
              446.571E-03        -36.2895     
              447.716E-03        -36.2875     
              450.785E-03        -36.282      
              458.773E-03        -36.2679     
              460.607E-03        -36.2646     
              461.775E-03        -36.2625     
              463.004E-03        -36.2604     
              463.004E-03       -204.329      
              464.421E-03       -204.319      
              464.515E-03       -204.318      
              464.576E-03       -204.318      
              466.004E-03       -204.307      
              466.004E-03        111.605      
              466.337E-03        111.608      
              466.671E-03        111.61       
              467.004E-03        111.612      
              467.004E-03         72.0421     
              467.73E-03          72.044      
              468.339E-03         72.0457     
              469.651E-03         72.0492     
              471.791E-03         72.055      
              473.004E-03         72.0583     
              475.565E-03         72.0652     
              476.802E-03         72.0685     
              477.746E-03         72.071      
              478.378E-03         72.0728     
              479.004E-03         72.0744     
              479.004E-03        430.419      
              479.337E-03        430.42       
              479.671E-03        430.421      
              480.004E-03        430.422      
              480.004E-03        414.031      
              481.023E-03        414.034      
              481.061E-03        414.034      
              481.087E-03        414.034      
              481.119E-03        414.034      
              481.174E-03        414.034      
              483.004E-03        414.039      
              483.004E-03         43.6771     
              484.204E-03         43.6804     
              487.095E-03         43.6882     
              487.592E-03         43.6896     
              487.826E-03         43.6903     
              488.378E-03         43.6918     
              495.846E-03         43.7121     
              501.792E-03         43.7283     
              512.635E-03         43.7579     
              533.004E-03         43.8133     
              558.109E-03         43.8816     
              570.768E-03         43.916      
              576.956E-03         43.9328     
              579.93E-03          43.9408     
              581.131E-03         43.9441     
              583.004E-03         43.9492     
              583.004E-03        414.311      
              584.77E-03         414.316      
              584.879E-03        414.316      
              584.938E-03        414.316      
              584.994E-03        414.316      
              586.005E-03        414.319      
              586.005E-03        430.681      
              586.338E-03        430.682      
              586.671E-03        430.682      
              587.004E-03        430.683      
              587.004E-03         72.3647     
              587.731E-03         72.3666     
              588.339E-03         72.3682     
              589.652E-03         72.3718     
              591.792E-03         72.3775     
              593.005E-03         72.3807     
              595.565E-03         72.3876     
              596.802E-03         72.3909     
              597.747E-03         72.3934     
              598.378E-03         72.3951     
              599.005E-03         72.3968     
              599.005E-03        112.495      
              599.338E-03        112.497      
              599.671E-03        112.5        
              600.004E-03        112.502      
              600.004E-03       -203.321      
              601.369E-03       -203.311      
              601.503E-03       -203.31       
              601.694E-03       -203.308      
              603.005E-03       -203.299      
              603.005E-03        -36.0146     
              603.586E-03        -36.0135     
              607.254E-03        -36.0072     
              607.751E-03        -36.0063     
              607.976E-03        -36.0059     
              616.176E-03        -35.9916     
              624.908E-03        -35.9764     
              639.156E-03        -35.9516     
              648.04E-03         -35.9362     
              661.305E-03        -35.9131     
              683.005E-03        -35.8754     
              704.805E-03        -35.8375     
              716.726E-03        -35.8168     
              730.215E-03        -35.7933     
              745.526E-03        -35.7667     
              747.111E-03        -35.764      
              748.963E-03        -35.7608     
              758.021E-03        -35.745      
              760.975E-03        -35.7399     
              761.53E-03         -35.7389     
              762.14E-03         -35.7379     
              763.006E-03        -35.7363     
              763.006E-03       -202.134      
              764.423E-03       -202.124      
              764.517E-03       -202.123      
              764.578E-03       -202.123      
              766.006E-03       -202.112      
              766.006E-03        113.6        
              766.339E-03        113.602      
              766.672E-03        113.605      
              767.006E-03        113.607      
              767.006E-03         72.8438     
              767.732E-03         72.8457     
              768.34E-03          72.8474     
              769.653E-03         72.8509     
              771.793E-03         72.8566     
              773.006E-03         72.8599     
              775.567E-03         72.8667     
              776.803E-03         72.87       
              777.748E-03         72.8726     
              778.379E-03         72.8743     
              779.006E-03         72.8759     
              779.006E-03        431.149      
              779.339E-03        431.149      
              779.672E-03        431.15       
              780.006E-03        431.151      
              780.006E-03        414.842      
              780.987E-03        414.845      
              781.222E-03        414.846      
              781.461E-03        414.846      
              783.006E-03        414.85       
              783.006E-03         44.4885     
              785.733E-03         44.4959     
              785.855E-03         44.4963     
              785.968E-03         44.4966     
              792.214E-03         44.5135     
              793.697E-03         44.5175     
              794.808E-03         44.5205     
              796.067E-03         44.5239     
              817.307E-03         44.5815     
              818.631E-03         44.5851     
              833.006E-03         44.6241     
              859.182E-03         44.6952     
              859.425E-03         44.6958     
              859.986E-03         44.6974     
              863.703E-03         44.7074     
              874.186E-03         44.7359     
              874.756E-03         44.7375     
              876.272E-03         44.7416     
              880.882E-03         44.7541     
              883.007E-03         44.7599     
              883.007E-03        415.122      
              884.773E-03        415.127      
              884.881E-03        415.127      
              884.94E-03         415.127      
              884.997E-03        415.127      
              886.007E-03        415.13       
              886.007E-03        431.41       
              886.34E-03         431.41       
              886.673E-03        431.411      
              887.007E-03        431.412      
              887.007E-03         73.1654     
              887.733E-03         73.1673     
              888.341E-03         73.169      
              889.654E-03         73.1725     
              891.794E-03         73.1782     
              893.007E-03         73.1815     
              895.566E-03         73.1884     
              896.804E-03         73.1917     
              897.749E-03         73.1942     
              898.38E-03          73.1959     
              899.007E-03         73.1976     
              899.007E-03        114.487      
              899.34E-03         114.489      
              899.673E-03        114.491      
              900.007E-03        114.493      
              900.007E-03       -201.129      
              901.371E-03       -201.119      
              901.505E-03       -201.118      
              901.696E-03       -201.117      
              903.007E-03       -201.107      
              903.007E-03        -35.4908     
              903.874E-03        -35.4893     
              904.829E-03        -35.4876     
              906.944E-03        -35.4839     
              919.502E-03        -35.462      
              920.98E-03         -35.4594     
              921.547E-03        -35.4584     
              921.925E-03        -35.4578     
              922.485E-03        -35.4568     
              926.013E-03        -35.4506     
              953.004E-03        -35.4035     
              983.007E-03        -35.3509     
                1.00714          -35.3085     
                1.01633          -35.2924     
                1.03909          -35.2523     
                1.04293          -35.2455     
                1.04598          -35.2401     
                1.05503          -35.2241     
                1.05598          -35.2225     
                1.0596           -35.2161     
                1.06233          -35.2112     
                1.06238          -35.2111     
                1.06242          -35.2111     
                1.06247          -35.211      
                1.06301          -35.21       
                1.06301         -199.931      
                1.06351         -199.928      
                1.06401         -199.924      
                1.06451         -199.92       
                1.06501         -199.916      
                1.06551         -199.913      
                1.06601         -199.909      
                1.06601         -359.914      
                1.06634         -359.913      
                1.06667         -359.911      
                1.06701         -359.91       
                1.06734         -359.909      
                1.06767         -359.908      
                1.06801         -359.906      




